t recent call last):
  File "/home/runner/workspace/simulation.py", line 749, in run_parameter_scan
    result = run_simulation(**sim_params)
             ^^^^^^^^^^^^^^^^^^^^^^^^^^^^
TypeError: run_simulation() got an unexpected keyword argument 'param_ranges'

Running parameter set 2/6:
  param_ranges: shots
Error in parameter set 2: run_simulation() got an unexpected keyword argument 'param_ranges'
Traceback (most recent call last):
  File "/home/runner/workspace/simulation.py", line 749, in run_parameter_scan
    result = run_simulation(**sim_params)
             ^^^^^^^^^^^^^^^^^^^^^^^^^^^^
TypeError: run_simulation() got an unexpected keyword argument 'param_ranges'

Running parameter set 3/6:
  param_ranges: drive_steps
Error in parameter set 3: run_simulation() got an unexpected keyword argument 'param_ranges'
Traceback (most recent call last):
  File "/home/runner/workspace/simulation.py", line 749, in run_parameter_scan
    result = run_simulation(**sim_params)
             ^^^^^^^^^^^^^^^^^^^^^^^^^^^^
TypeError: run_simulation() got an unexpected keyword argument 'param_ranges'

Running parameter set 4/6:
  param_ranges: time_points
Error in parameter set 4: run_simulation() got an unexpected keyword argument 'param_ranges'
Traceback (most recent call last):
  File "/home/runner/workspace/simulation.py", line 749, in run_parameter_scan
    result = run_simulation(**sim_params)
             ^^^^^^^^^^^^^^^^^^^^^^^^^^^^
TypeError: run_simulation() got an unexpected keyword argument 'param_ranges'

Running parameter set 5/6:
  param_ranges: max_time
Error in parameter set 5: run_simulation() got an unexpected keyword argument 'param_ranges'
Traceback (most recent call last):
  File "/home/runner/workspace/simulation.py", line 749, in run_parameter_scan
    result = run_simulation(**sim_params)
             ^^^^^^^^^^^^^^^^^^^^^^^^^^^^
TypeError: run_simulation() got an unexpected keyword argument 'param_ranges'

Running parameter set 6/6:
  param_ranges: drive_param
Error in parameter set 6: run_simulation() got an unexpected keyword argument 'param_ranges'
Traceback (most recent call last):
  File "/home/runner/workspace/simulation.py", line 749, in run_parameter_scan
    result = run_simulation(**sim_params)
             ^^^^^^^^^^^^^^^^^^^^^^^^^^^^
TypeError: run_simulation() got an unexpected keyword argument 'param_ranges'

Parameter scan completed in 0.00 seconds
Processed 6 parameter sets